# JRE version: OpenJDK Runtime Environment (8.0_152-b06) (build 1.8.0_152-release-1136-b06)
# Java VM: OpenJDK 64-Bit Server VM (25.152-b06 mixed mode windows-amd64 compressed oops)
Heap:
 PSYoungGen      total 83968K, used 52068K [0x00000000e0000000, 0x00000000e6980000, 0x0000000100000000)
  eden space 78336K, 59% used [0x00000000e0000000,0x00000000e2d5be20,0x00000000e4c80000)
  from space 5632K, 99% used [0x00000000e4c80000,0x00000000e51fd2e0,0x00000000e5200000)
  to   space 8704K, 0% used [0x00000000e6100000,0x00000000e6110000,0x00000000e6980000)
 ParOldGen       total 46592K, used 21116K [0x00000000a0000000, 0x00000000a2d80000, 0x00000000e0000000)
  object space 46592K, 45% used [0x00000000a0000000,0x00000000a149f108,0x00000000a2d80000)
 Metaspace       used 48237K, capacity 49333K, committed 49368K, reserved 1095680K
  class space    used 6543K, capacity 6898K, committed 6912K, reserved 1048576K
GC Heap History (10 events):
Event: 66.274 GC heap before
{Heap before GC invocations=15 (full 1):
 PSYoungGen      total 40960K, used 38350K [0x00000000e0000000, 0x00000000e3e80000, 0x0000000100000000)
  eden space 35328K, 100% used [0x00000000e0000000,0x00000000e2280000,0x00000000e2280000)
  from space 5632K, 53% used [0x00000000e2280000,0x00000000e25738c8,0x00000000e2800000)
  to   space 5632K, 0% used [0x00000000e3900000,0x00000000e3900000,0x00000000e3e80000)
 ParOldGen       total 32768K, used 12206K [0x00000000a0000000, 0x00000000a2000000, 0x00000000e0000000)
  object space 32768K, 37% used [0x00000000a0000000,0x00000000a0beba30,0x00000000a2000000)
 Metaspace       used 31284K, capacity 31758K, committed 32000K, reserved 1077248K
  class space    used 4359K, capacity 4568K, committed 4608K, reserved 1048576K
Event: 67.399 GC heap after
Heap after GC invocations=15 (full 1):
 PSYoungGen      total 58368K, used 4227K [0x00000000e0000000, 0x00000000e4000000, 0x0000000100000000)
  eden space 52736K, 0% used [0x00000000e0000000,0x00000000e0000000,0x00000000e3380000)
  from space 5632K, 75% used [0x00000000e3900000,0x00000000e3d20fe8,0x00000000e3e80000)
  to   space 5632K, 0% used [0x00000000e3380000,0x00000000e3380000,0x00000000e3900000)
 ParOldGen       total 32768K, used 12987K [0x00000000a0000000, 0x00000000a2000000, 0x00000000e0000000)
  object space 32768K, 39% used [0x00000000a0000000,0x00000000a0caece0,0x00000000a2000000)
 Metaspace       used 31284K, capacity 31758K, committed 32000K, reserved 1077248K
  class space    used 4359K, capacity 4568K, committed 4608K, reserved 1048576K
}
Event: 70.290 GC heap before
{Heap before GC invocations=16 (full 1):
 PSYoungGen      total 58368K, used 19682K [0x00000000e0000000, 0x00000000e4000000, 0x0000000100000000)
  eden space 52736K, 29% used [0x00000000e0000000,0x00000000e0f17860,0x00000000e3380000)
  from space 5632K, 75% used [0x00000000e3900000,0x00000000e3d20fe8,0x00000000e3e80000)
  to   space 5632K, 0% used [0x00000000e3380000,0x00000000e3380000,0x00000000e3900000)
 ParOldGen       total 32768K, used 12987K [0x00000000a0000000, 0x00000000a2000000, 0x00000000e0000000)
  object space 32768K, 39% used [0x00000000a0000000,0x00000000a0caece0,0x00000000a2000000)
 Metaspace       used 34621K, capacity 35201K, committed 35416K, reserved 1079296K
  class space    used 4766K, capacity 4992K, committed 4992K, reserved 1048576K
Event: 70.307 GC heap after
Heap after GC invocations=16 (full 1):
 PSYoungGen      total 58368K, used 2443K [0x00000000e0000000, 0x00000000e5880000, 0x0000000100000000)
  eden space 52736K, 0% used [0x00000000e0000000,0x00000000e0000000,0x00000000e3380000)
  from space 5632K, 43% used [0x00000000e3380000,0x00000000e35e2f30,0x00000000e3900000)
  to   space 5632K, 0% used [0x00000000e5300000,0x00000000e5300000,0x00000000e5880000)
 ParOldGen       total 32768K, used 15255K [0x00000000a0000000, 0x00000000a2000000, 0x00000000e0000000)
  object space 32768K, 46% used [0x00000000a0000000,0x00000000a0ee5d50,0x00000000a2000000)
 Metaspace       used 34621K, capacity 35201K, committed 35416K, reserved 1079296K
  class space    used 4766K, capacity 4992K, committed 4992K, reserved 1048576K
}
Event: 70.307 GC heap before
{Heap before GC invocations=17 (full 2):
 PSYoungGen      total 58368K, used 2443K [0x00000000e0000000, 0x00000000e5880000, 0x0000000100000000)
  eden space 52736K, 0% used [0x00000000e0000000,0x00000000e0000000,0x00000000e3380000)
  from space 5632K, 43% used [0x00000000e3380000,0x00000000e35e2f30,0x00000000e3900000)
  to   space 5632K, 0% used [0x00000000e5300000,0x00000000e5300000,0x00000000e5880000)
 ParOldGen       total 32768K, used 15255K [0x00000000a0000000, 0x00000000a2000000, 0x00000000e0000000)
  object space 32768K, 46% used [0x00000000a0000000,0x00000000a0ee5d50,0x00000000a2000000)
 Metaspace       used 34621K, capacity 35201K, committed 35416K, reserved 1079296K
  class space    used 4766K, capacity 4992K, committed 4992K, reserved 1048576K
Event: 70.884 GC heap after
Heap after GC invocations=17 (full 2):
 PSYoungGen      total 58368K, used 0K [0x00000000e0000000, 0x00000000e5880000, 0x0000000100000000)
  eden space 52736K, 0% used [0x00000000e0000000,0x00000000e0000000,0x00000000e3380000)
  from space 5632K, 0% used [0x00000000e3380000,0x00000000e3380000,0x00000000e3900000)
  to   space 5632K, 0% used [0x00000000e5300000,0x00000000e5300000,0x00000000e5880000)
 ParOldGen       total 46592K, used 14929K [0x00000000a0000000, 0x00000000a2d80000, 0x00000000e0000000)
  object space 46592K, 32% used [0x00000000a0000000,0x00000000a0e94780,0x00000000a2d80000)
 Metaspace       used 34621K, capacity 35201K, committed 35416K, reserved 1079296K
  class space    used 4766K, capacity 4992K, committed 4992K, reserved 1048576K
}
Event: 80.553 GC heap before
{Heap before GC invocations=18 (full 2):
 PSYoungGen      total 58368K, used 52736K [0x00000000e0000000, 0x00000000e5880000, 0x0000000100000000)
  eden space 52736K, 100% used [0x00000000e0000000,0x00000000e3380000,0x00000000e3380000)
  from space 5632K, 0% used [0x00000000e3380000,0x00000000e3380000,0x00000000e3900000)
  to   space 5632K, 0% used [0x00000000e5300000,0x00000000e5300000,0x00000000e5880000)
 ParOldGen       total 46592K, used 14929K [0x00000000a0000000, 0x00000000a2d80000, 0x00000000e0000000)
  object space 46592K, 32% used [0x00000000a0000000,0x00000000a0e94780,0x00000000a2d80000)
 Metaspace       used 37189K, capacity 37859K, committed 38104K, reserved 1081344K
  class space    used 5087K, capacity 5302K, committed 5376K, reserved 1048576K
Event: 80.660 GC heap after
Heap after GC invocations=18 (full 2):
 PSYoungGen      total 77312K, used 4296K [0x00000000e0000000, 0x00000000e5780000, 0x0000000100000000)
  eden space 72704K, 0% used [0x00000000e0000000,0x00000000e0000000,0x00000000e4700000)
  from space 4608K, 93% used [0x00000000e5300000,0x00000000e5732180,0x00000000e5780000)
  to   space 5632K, 0% used [0x00000000e4c80000,0x00000000e4c80000,0x00000000e5200000)
 ParOldGen       total 46592K, used 14937K [0x00000000a0000000, 0x00000000a2d80000, 0x00000000e0000000)
  object space 46592K, 32% used [0x00000000a0000000,0x00000000a0e96780,0x00000000a2d80000)
 Metaspace       used 37189K, capacity 37859K, committed 38104K, reserved 1081344K
  class space    used 5087K, capacity 5302K, committed 5376K, reserved 1048576K
}
Event: 92.433 GC heap before
{Heap before GC invocations=19 (full 2):
 PSYoungGen      total 77312K, used 77000K [0x00000000e0000000, 0x00000000e5780000, 0x0000000100000000)
  eden space 72704K, 100% used [0x00000000e0000000,0x00000000e4700000,0x00000000e4700000)
  from space 4608K, 93% used [0x00000000e5300000,0x00000000e5732180,0x00000000e5780000)
  to   space 5632K, 0% used [0x00000000e4c80000,0x00000000e4c80000,0x00000000e5200000)
 ParOldGen       total 46592K, used 14937K [0x00000000a0000000, 0x00000000a2d80000, 0x00000000e0000000)
  object space 46592K, 32% used [0x00000000a0000000,0x00000000a0e96780,0x00000000a2d80000)
 Metaspace       used 42830K, capacity 43629K, committed 43864K, reserved 1087488K
  class space    used 5889K, capacity 6172K, committed 6272K, reserved 1048576K
Event: 92.591 GC heap after
Heap after GC invocations=19 (full 2):
 PSYoungGen      total 83968K, used 5620K [0x00000000e0000000, 0x00000000e6980000, 0x0000000100000000)
  eden space 78336K, 0% used [0x00000000e0000000,0x00000000e0000000,0x00000000e4c80000)
  from space 5632K, 99% used [0x00000000e4c80000,0x00000000e51fd2e0,0x00000000e5200000)
  to   space 8704K, 0% used [0x00000000e6100000,0x00000000e6100000,0x00000000e6980000)
 ParOldGen       total 46592K, used 21084K [0x00000000a0000000, 0x00000000a2d80000, 0x00000000e0000000)
  object space 46592K, 45% used [0x00000000a0000000,0x00000000a1497108,0x00000000a2d80000)
 Metaspace       used 42830K, capacity 43629K, committed 43864K, reserved 1087488K
  class space    used 5889K, capacity 6172K, committed 6272K, reserved 1048576K
}

